
11월 23, 2021 10:34:08.552 NEW SESSION
11월 23, 2021 10:34:08.553 [15656:15120:1123/103408.548:ERROR:chrome_browser_main_extra_parts_metrics.cc(226)] crbug.com/1216328: Checking Bluetooth availability started. Please report if there is no report that this ends.
11월 23, 2021 10:34:08.553 [15656:15120:1123/103408.548:ERROR:chrome_browser_main_extra_parts_metrics.cc(229)] crbug.com/1216328: Checking Bluetooth availability ended.
11월 23, 2021 10:34:08.553 [15656:15120:1123/103408.548:ERROR:chrome_browser_main_extra_parts_metrics.cc(232)] crbug.com/1216328: Checking default browser status started. Please report if there is no report that this ends.
11월 23, 2021 10:34:08.554 [15656:15120:1123/103408.552:ERROR:chrome_browser_main_extra_parts_metrics.cc(236)] crbug.com/1216328: Checking default browser status ended.
11월 23, 2021 10:34:08.571 [15656:6980:1123/103408.571:ERROR:device_event_log_impl.cc(214)] [10:34:08.571] Bluetooth: bluetooth_adapter_winrt.cc:1075 Getting Default Adapter failed.
11월 23, 2021 10:42:50.60 [12988:18092:1123/104250.059:ERROR:chrome_browser_main_extra_parts_metrics.cc(226)] crbug.com/1216328: Checking Bluetooth availability started. Please report if there is no report that this ends.
11월 23, 2021 10:42:50.61 [12988:18092:1123/104250.059:ERROR:chrome_browser_main_extra_parts_metrics.cc(229)] crbug.com/1216328: Checking Bluetooth availability ended.
11월 23, 2021 10:42:50.62 [12988:18092:1123/104250.059:ERROR:chrome_browser_main_extra_parts_metrics.cc(232)] crbug.com/1216328: Checking default browser status started. Please report if there is no report that this ends.
11월 23, 2021 10:42:50.63 [12988:18092:1123/104250.063:ERROR:chrome_browser_main_extra_parts_metrics.cc(236)] crbug.com/1216328: Checking default browser status ended.
11월 23, 2021 10:42:50.82 [12988:16648:1123/104250.081:ERROR:device_event_log_impl.cc(214)] [10:42:50.081] Bluetooth: bluetooth_adapter_winrt.cc:1075 Getting Default Adapter failed.
11월 23, 2021 11:20:33.895 [13308:6700:1123/112033.894:ERROR:chrome_browser_main_extra_parts_metrics.cc(226)] crbug.com/1216328: Checking Bluetooth availability started. Please report if there is no report that this ends.
11월 23, 2021 11:20:33.895 [13308:6700:1123/112033.894:ERROR:chrome_browser_main_extra_parts_metrics.cc(229)] crbug.com/1216328: Checking Bluetooth availability ended.
11월 23, 2021 11:20:33.896 [13308:6700:1123/112033.894:ERROR:chrome_browser_main_extra_parts_metrics.cc(232)] crbug.com/1216328: Checking default browser status started. Please report if there is no report that this ends.
11월 23, 2021 11:20:33.896 [13308:6700:1123/112033.896:ERROR:chrome_browser_main_extra_parts_metrics.cc(236)] crbug.com/1216328: Checking default browser status ended.
11월 23, 2021 11:20:33.907 [13308:4812:1123/112033.907:ERROR:device_event_log_impl.cc(214)] [11:20:33.907] Bluetooth: bluetooth_adapter_winrt.cc:1075 Getting Default Adapter failed.
11월 23, 2021 11:25:21.564 [8480:6628:1123/112521.564:ERROR:chrome_browser_main_extra_parts_metrics.cc(226)] crbug.com/1216328: Checking Bluetooth availability started. Please report if there is no report that this ends.
11월 23, 2021 11:25:21.564 [8480:6628:1123/112521.564:ERROR:chrome_browser_main_extra_parts_metrics.cc(229)] crbug.com/1216328: Checking Bluetooth availability ended.
11월 23, 2021 11:25:21.565 [8480:6628:1123/112521.564:ERROR:chrome_browser_main_extra_parts_metrics.cc(232)] crbug.com/1216328: Checking default browser status started. Please report if there is no report that this ends.
11월 23, 2021 11:25:21.565 [8480:6628:1123/112521.565:ERROR:chrome_browser_main_extra_parts_metrics.cc(236)] crbug.com/1216328: Checking default browser status ended.
11월 23, 2021 11:25:21.579 [8480:4908:1123/112521.578:ERROR:device_event_log_impl.cc(214)] [11:25:21.579] Bluetooth: bluetooth_adapter_winrt.cc:1075 Getting Default Adapter failed.
11월 23, 2021 11:31:12.269 [12312:3132:1123/113112.269:ERROR:chrome_browser_main_extra_parts_metrics.cc(226)] crbug.com/1216328: Checking Bluetooth availability started. Please report if there is no report that this ends.
11월 23, 2021 11:31:12.270 [12312:3132:1123/113112.269:ERROR:chrome_browser_main_extra_parts_metrics.cc(229)] crbug.com/1216328: Checking Bluetooth availability ended.
11월 23, 2021 11:31:12.270 [12312:3132:1123/113112.269:ERROR:chrome_browser_main_extra_parts_metrics.cc(232)] crbug.com/1216328: Checking default browser status started. Please report if there is no report that this ends.
11월 23, 2021 11:31:12.270 [12312:3132:1123/113112.270:ERROR:chrome_browser_main_extra_parts_metrics.cc(236)] crbug.com/1216328: Checking default browser status ended.
11월 23, 2021 11:31:12.286 [12312:2788:1123/113112.286:ERROR:device_event_log_impl.cc(214)] [11:31:12.285] Bluetooth: bluetooth_adapter_winrt.cc:1075 Getting Default Adapter failed.
11월 23, 2021 12:05:11.346 [12312:2788:1123/120511.345:ERROR:interface_endpoint_client.cc(658)] Message 0 rejected by interface blink.mojom.WidgetHost
11월 23, 2021 12:14:15.307 [6268:14328:1123/121415.306:ERROR:chrome_browser_main_extra_parts_metrics.cc(226)] crbug.com/1216328: Checking Bluetooth availability started. Please report if there is no report that this ends.
11월 23, 2021 12:14:15.308 [6268:14328:1123/121415.306:ERROR:chrome_browser_main_extra_parts_metrics.cc(229)] crbug.com/1216328: Checking Bluetooth availability ended.
11월 23, 2021 12:14:15.308 [6268:14328:1123/121415.306:ERROR:chrome_browser_main_extra_parts_metrics.cc(232)] crbug.com/1216328: Checking default browser status started. Please report if there is no report that this ends.
11월 23, 2021 12:14:15.310 [6268:14328:1123/121415.309:ERROR:chrome_browser_main_extra_parts_metrics.cc(236)] crbug.com/1216328: Checking default browser status ended.
11월 23, 2021 12:14:15.324 [6268:16284:1123/121415.324:ERROR:device_event_log_impl.cc(214)] [12:14:15.323] Bluetooth: bluetooth_adapter_winrt.cc:1075 Getting Default Adapter failed.

11월 24, 2021 09:07:05.159 NEW SESSION
11월 24, 2021 09:07:05.159 [5488:14792:1124/090705.156:ERROR:chrome_browser_main_extra_parts_metrics.cc(226)] crbug.com/1216328: Checking Bluetooth availability started. Please report if there is no report that this ends.
11월 24, 2021 09:07:05.161 [5488:14792:1124/090705.156:ERROR:chrome_browser_main_extra_parts_metrics.cc(229)] crbug.com/1216328: Checking Bluetooth availability ended.
11월 24, 2021 09:07:05.161 [5488:14792:1124/090705.156:ERROR:chrome_browser_main_extra_parts_metrics.cc(232)] crbug.com/1216328: Checking default browser status started. Please report if there is no report that this ends.
11월 24, 2021 09:07:05.162 [5488:14792:1124/090705.159:ERROR:chrome_browser_main_extra_parts_metrics.cc(236)] crbug.com/1216328: Checking default browser status ended.
11월 24, 2021 09:07:05.178 [5488:15416:1124/090705.178:ERROR:device_event_log_impl.cc(214)] [09:07:05.178] Bluetooth: bluetooth_adapter_winrt.cc:1075 Getting Default Adapter failed.
11월 24, 2021 09:28:39.625 [13056:1472:1124/092839.624:ERROR:chrome_browser_main_extra_parts_metrics.cc(226)] crbug.com/1216328: Checking Bluetooth availability started. Please report if there is no report that this ends.
11월 24, 2021 09:28:39.625 [13056:1472:1124/092839.624:ERROR:chrome_browser_main_extra_parts_metrics.cc(229)] crbug.com/1216328: Checking Bluetooth availability ended.
11월 24, 2021 09:28:39.626 [13056:1472:1124/092839.624:ERROR:chrome_browser_main_extra_parts_metrics.cc(232)] crbug.com/1216328: Checking default browser status started. Please report if there is no report that this ends.
11월 24, 2021 09:28:39.626 [13056:1472:1124/092839.626:ERROR:chrome_browser_main_extra_parts_metrics.cc(236)] crbug.com/1216328: Checking default browser status ended.
11월 24, 2021 09:28:39.647 [13056:12752:1124/092839.647:ERROR:device_event_log_impl.cc(214)] [09:28:39.647] Bluetooth: bluetooth_adapter_winrt.cc:1075 Getting Default Adapter failed.
11월 24, 2021 09:32:41.74 [12776:2392:1124/093241.074:ERROR:chrome_browser_main_extra_parts_metrics.cc(226)] crbug.com/1216328: Checking Bluetooth availability started. Please report if there is no report that this ends.
11월 24, 2021 09:32:41.75 [12776:2392:1124/093241.074:ERROR:chrome_browser_main_extra_parts_metrics.cc(229)] crbug.com/1216328: Checking Bluetooth availability ended.
11월 24, 2021 09:32:41.75 [12776:2392:1124/093241.074:ERROR:chrome_browser_main_extra_parts_metrics.cc(232)] crbug.com/1216328: Checking default browser status started. Please report if there is no report that this ends.
11월 24, 2021 09:32:41.76 [12776:2392:1124/093241.076:ERROR:chrome_browser_main_extra_parts_metrics.cc(236)] crbug.com/1216328: Checking default browser status ended.
11월 24, 2021 09:32:41.94 [12776:13404:1124/093241.094:ERROR:device_event_log_impl.cc(214)] [09:32:41.093] Bluetooth: bluetooth_adapter_winrt.cc:1075 Getting Default Adapter failed.
11월 24, 2021 10:14:36.307 [14152:17172:1124/101436.306:ERROR:chrome_browser_main_extra_parts_metrics.cc(226)] crbug.com/1216328: Checking Bluetooth availability started. Please report if there is no report that this ends.
11월 24, 2021 10:14:36.307 [14152:17172:1124/101436.306:ERROR:chrome_browser_main_extra_parts_metrics.cc(229)] crbug.com/1216328: Checking Bluetooth availability ended.
11월 24, 2021 10:14:36.308 [14152:17172:1124/101436.306:ERROR:chrome_browser_main_extra_parts_metrics.cc(232)] crbug.com/1216328: Checking default browser status started. Please report if there is no report that this ends.
11월 24, 2021 10:14:36.309 [14152:17172:1124/101436.309:ERROR:chrome_browser_main_extra_parts_metrics.cc(236)] crbug.com/1216328: Checking default browser status ended.
11월 24, 2021 10:14:36.323 [14152:11252:1124/101436.323:ERROR:device_event_log_impl.cc(214)] [10:14:36.323] Bluetooth: bluetooth_adapter_winrt.cc:1075 Getting Default Adapter failed.
11월 24, 2021 10:34:12.537 [15892:14300:1124/103412.536:ERROR:chrome_browser_main_extra_parts_metrics.cc(226)] crbug.com/1216328: Checking Bluetooth availability started. Please report if there is no report that this ends.
11월 24, 2021 10:34:12.537 [15892:14300:1124/103412.536:ERROR:chrome_browser_main_extra_parts_metrics.cc(229)] crbug.com/1216328: Checking Bluetooth availability ended.
11월 24, 2021 10:34:12.538 [15892:14300:1124/103412.536:ERROR:chrome_browser_main_extra_parts_metrics.cc(232)] crbug.com/1216328: Checking default browser status started. Please report if there is no report that this ends.
11월 24, 2021 10:34:12.539 [15892:14300:1124/103412.538:ERROR:chrome_browser_main_extra_parts_metrics.cc(236)] crbug.com/1216328: Checking default browser status ended.
11월 24, 2021 10:34:12.552 [15892:8848:1124/103412.552:ERROR:device_event_log_impl.cc(214)] [10:34:12.551] Bluetooth: bluetooth_adapter_winrt.cc:1075 Getting Default Adapter failed.
11월 24, 2021 11:06:44.716 [5976:5568:1124/110644.716:ERROR:chrome_browser_main_extra_parts_metrics.cc(226)] crbug.com/1216328: Checking Bluetooth availability started. Please report if there is no report that this ends.
11월 24, 2021 11:06:44.716 [5976:5568:1124/110644.716:ERROR:chrome_browser_main_extra_parts_metrics.cc(229)] crbug.com/1216328: Checking Bluetooth availability ended.
11월 24, 2021 11:06:44.716 [5976:5568:1124/110644.716:ERROR:chrome_browser_main_extra_parts_metrics.cc(232)] crbug.com/1216328: Checking default browser status started. Please report if there is no report that this ends.
11월 24, 2021 11:06:44.717 [5976:5568:1124/110644.716:ERROR:chrome_browser_main_extra_parts_metrics.cc(236)] crbug.com/1216328: Checking default browser status ended.
11월 24, 2021 11:06:44.728 [5976:10200:1124/110644.728:ERROR:device_event_log_impl.cc(214)] [11:06:44.728] Bluetooth: bluetooth_adapter_winrt.cc:1075 Getting Default Adapter failed.
11월 24, 2021 11:09:08.226 [15600:13372:1124/110908.225:ERROR:chrome_browser_main_extra_parts_metrics.cc(226)] crbug.com/1216328: Checking Bluetooth availability started. Please report if there is no report that this ends.
11월 24, 2021 11:09:08.227 [15600:13372:1124/110908.225:ERROR:chrome_browser_main_extra_parts_metrics.cc(229)] crbug.com/1216328: Checking Bluetooth availability ended.
11월 24, 2021 11:09:08.227 [15600:13372:1124/110908.225:ERROR:chrome_browser_main_extra_parts_metrics.cc(232)] crbug.com/1216328: Checking default browser status started. Please report if there is no report that this ends.
11월 24, 2021 11:09:08.228 [15600:13372:1124/110908.227:ERROR:chrome_browser_main_extra_parts_metrics.cc(236)] crbug.com/1216328: Checking default browser status ended.
11월 24, 2021 11:09:08.239 [15600:12140:1124/110908.239:ERROR:device_event_log_impl.cc(214)] [11:09:08.238] Bluetooth: bluetooth_adapter_winrt.cc:1075 Getting Default Adapter failed.
11월 24, 2021 11:09:52.109 [5868:10144:1124/110952.108:ERROR:chrome_browser_main_extra_parts_metrics.cc(226)] crbug.com/1216328: Checking Bluetooth availability started. Please report if there is no report that this ends.
11월 24, 2021 11:09:52.109 [5868:10144:1124/110952.108:ERROR:chrome_browser_main_extra_parts_metrics.cc(229)] crbug.com/1216328: Checking Bluetooth availability ended.
11월 24, 2021 11:09:52.109 [5868:10144:1124/110952.108:ERROR:chrome_browser_main_extra_parts_metrics.cc(232)] crbug.com/1216328: Checking default browser status started. Please report if there is no report that this ends.
11월 24, 2021 11:09:52.109 [5868:10144:1124/110952.109:ERROR:chrome_browser_main_extra_parts_metrics.cc(236)] crbug.com/1216328: Checking default browser status ended.
11월 24, 2021 11:09:52.119 [5868:12660:1124/110952.119:ERROR:device_event_log_impl.cc(214)] [11:09:52.119] Bluetooth: bluetooth_adapter_winrt.cc:1075 Getting Default Adapter failed.
11월 24, 2021 11:16:00.130 [13652:3180:1124/111600.129:ERROR:chrome_browser_main_extra_parts_metrics.cc(226)] crbug.com/1216328: Checking Bluetooth availability started. Please report if there is no report that this ends.
11월 24, 2021 11:16:00.130 [13652:3180:1124/111600.129:ERROR:chrome_browser_main_extra_parts_metrics.cc(229)] crbug.com/1216328: Checking Bluetooth availability ended.
11월 24, 2021 11:16:00.130 [13652:3180:1124/111600.129:ERROR:chrome_browser_main_extra_parts_metrics.cc(232)] crbug.com/1216328: Checking default browser status started. Please report if there is no report that this ends.
11월 24, 2021 11:16:00.131 [13652:3180:1124/111600.130:ERROR:chrome_browser_main_extra_parts_metrics.cc(236)] crbug.com/1216328: Checking default browser status ended.
11월 24, 2021 11:16:00.152 [13652:9232:1124/111600.152:ERROR:device_event_log_impl.cc(214)] [11:16:00.152] Bluetooth: bluetooth_adapter_winrt.cc:1075 Getting Default Adapter failed.
11월 24, 2021 11:27:03.792 [10904:12676:1124/112703.792:ERROR:chrome_browser_main_extra_parts_metrics.cc(226)] crbug.com/1216328: Checking Bluetooth availability started. Please report if there is no report that this ends.
11월 24, 2021 11:27:03.793 [10904:12676:1124/112703.792:ERROR:chrome_browser_main_extra_parts_metrics.cc(229)] crbug.com/1216328: Checking Bluetooth availability ended.
11월 24, 2021 11:27:03.793 [10904:12676:1124/112703.792:ERROR:chrome_browser_main_extra_parts_metrics.cc(232)] crbug.com/1216328: Checking default browser status started. Please report if there is no report that this ends.
11월 24, 2021 11:27:03.794 [10904:12676:1124/112703.794:ERROR:chrome_browser_main_extra_parts_metrics.cc(236)] crbug.com/1216328: Checking default browser status ended.
11월 24, 2021 11:27:03.804 [10904:10044:1124/112703.804:ERROR:device_event_log_impl.cc(214)] [11:27:03.804] Bluetooth: bluetooth_adapter_winrt.cc:1075 Getting Default Adapter failed.
11월 24, 2021 11:27:30.879 [1340:3596:1124/112730.879:ERROR:chrome_browser_main_extra_parts_metrics.cc(226)] crbug.com/1216328: Checking Bluetooth availability started. Please report if there is no report that this ends.
11월 24, 2021 11:27:30.880 [1340:3596:1124/112730.879:ERROR:chrome_browser_main_extra_parts_metrics.cc(229)] crbug.com/1216328: Checking Bluetooth availability ended.
11월 24, 2021 11:27:30.880 [1340:3596:1124/112730.879:ERROR:chrome_browser_main_extra_parts_metrics.cc(232)] crbug.com/1216328: Checking default browser status started. Please report if there is no report that this ends.
11월 24, 2021 11:27:30.880 [1340:3596:1124/112730.880:ERROR:chrome_browser_main_extra_parts_metrics.cc(236)] crbug.com/1216328: Checking default browser status ended.
11월 24, 2021 11:27:30.891 [1340:3572:1124/112730.891:ERROR:device_event_log_impl.cc(214)] [11:27:30.891] Bluetooth: bluetooth_adapter_winrt.cc:1075 Getting Default Adapter failed.
11월 24, 2021 11:31:25.39 [16668:5736:1124/113125.038:ERROR:chrome_browser_main_extra_parts_metrics.cc(226)] crbug.com/1216328: Checking Bluetooth availability started. Please report if there is no report that this ends.
11월 24, 2021 11:31:25.39 [16668:5736:1124/113125.038:ERROR:chrome_browser_main_extra_parts_metrics.cc(229)] crbug.com/1216328: Checking Bluetooth availability ended.
11월 24, 2021 11:31:25.40 [16668:5736:1124/113125.038:ERROR:chrome_browser_main_extra_parts_metrics.cc(232)] crbug.com/1216328: Checking default browser status started. Please report if there is no report that this ends.
11월 24, 2021 11:31:25.40 [16668:5736:1124/113125.040:ERROR:chrome_browser_main_extra_parts_metrics.cc(236)] crbug.com/1216328: Checking default browser status ended.
11월 24, 2021 11:31:25.51 [16668:1148:1124/113125.051:ERROR:device_event_log_impl.cc(214)] [11:31:25.051] Bluetooth: bluetooth_adapter_winrt.cc:1075 Getting Default Adapter failed.
11월 24, 2021 12:03:58.835 [14776:14548:1124/120358.835:ERROR:chrome_browser_main_extra_parts_metrics.cc(226)] crbug.com/1216328: Checking Bluetooth availability started. Please report if there is no report that this ends.
11월 24, 2021 12:03:58.836 [14776:14548:1124/120358.835:ERROR:chrome_browser_main_extra_parts_metrics.cc(229)] crbug.com/1216328: Checking Bluetooth availability ended.
11월 24, 2021 12:03:58.836 [14776:14548:1124/120358.835:ERROR:chrome_browser_main_extra_parts_metrics.cc(232)] crbug.com/1216328: Checking default browser status started. Please report if there is no report that this ends.
11월 24, 2021 12:03:58.837 [14776:14548:1124/120358.837:ERROR:chrome_browser_main_extra_parts_metrics.cc(236)] crbug.com/1216328: Checking default browser status ended.
11월 24, 2021 12:03:58.850 [14776:1764:1124/120358.850:ERROR:device_event_log_impl.cc(214)] [12:03:58.850] Bluetooth: bluetooth_adapter_winrt.cc:1075 Getting Default Adapter failed.

11월 25, 2021 09:27:52.772 NEW SESSION
11월 25, 2021 09:27:52.772 [1968:6320:1125/092752.771:ERROR:chrome_browser_main_extra_parts_metrics.cc(226)] crbug.com/1216328: Checking Bluetooth availability started. Please report if there is no report that this ends.
11월 25, 2021 09:27:52.777 [1968:6320:1125/092752.771:ERROR:chrome_browser_main_extra_parts_metrics.cc(229)] crbug.com/1216328: Checking Bluetooth availability ended.
11월 25, 2021 09:27:52.778 [1968:6320:1125/092752.771:ERROR:chrome_browser_main_extra_parts_metrics.cc(232)] crbug.com/1216328: Checking default browser status started. Please report if there is no report that this ends.
11월 25, 2021 09:27:52.778 [1968:6320:1125/092752.772:ERROR:chrome_browser_main_extra_parts_metrics.cc(236)] crbug.com/1216328: Checking default browser status ended.
11월 25, 2021 09:27:52.786 [1968:7256:1125/092752.786:ERROR:device_event_log_impl.cc(214)] [09:27:52.786] Bluetooth: bluetooth_adapter_winrt.cc:1075 Getting Default Adapter failed.
11월 25, 2021 09:37:14.324 [12128:13776:1125/093714.323:ERROR:chrome_browser_main_extra_parts_metrics.cc(226)] crbug.com/1216328: Checking Bluetooth availability started. Please report if there is no report that this ends.
11월 25, 2021 09:37:14.324 [12128:13776:1125/093714.323:ERROR:chrome_browser_main_extra_parts_metrics.cc(229)] crbug.com/1216328: Checking Bluetooth availability ended.
11월 25, 2021 09:37:14.325 [12128:13776:1125/093714.323:ERROR:chrome_browser_main_extra_parts_metrics.cc(232)] crbug.com/1216328: Checking default browser status started. Please report if there is no report that this ends.
11월 25, 2021 09:37:14.325 [12128:13776:1125/093714.324:ERROR:chrome_browser_main_extra_parts_metrics.cc(236)] crbug.com/1216328: Checking default browser status ended.
11월 25, 2021 09:37:14.338 [12128:17284:1125/093714.338:ERROR:device_event_log_impl.cc(214)] [09:37:14.338] Bluetooth: bluetooth_adapter_winrt.cc:1075 Getting Default Adapter failed.
11월 25, 2021 10:11:47.519 [10184:5888:1125/101147.518:ERROR:chrome_browser_main_extra_parts_metrics.cc(226)] crbug.com/1216328: Checking Bluetooth availability started. Please report if there is no report that this ends.
11월 25, 2021 10:11:47.520 [10184:5888:1125/101147.518:ERROR:chrome_browser_main_extra_parts_metrics.cc(229)] crbug.com/1216328: Checking Bluetooth availability ended.
11월 25, 2021 10:11:47.521 [10184:5888:1125/101147.518:ERROR:chrome_browser_main_extra_parts_metrics.cc(232)] crbug.com/1216328: Checking default browser status started. Please report if there is no report that this ends.
11월 25, 2021 10:11:47.521 [10184:5888:1125/101147.521:ERROR:chrome_browser_main_extra_parts_metrics.cc(236)] crbug.com/1216328: Checking default browser status ended.
11월 25, 2021 10:11:47.550 [10184:15492:1125/101147.550:ERROR:device_event_log_impl.cc(214)] [10:11:47.550] Bluetooth: bluetooth_adapter_winrt.cc:1075 Getting Default Adapter failed.
11월 25, 2021 11:08:49.679 [17152:15972:1125/110849.679:ERROR:chrome_browser_main_extra_parts_metrics.cc(226)] crbug.com/1216328: Checking Bluetooth availability started. Please report if there is no report that this ends.
11월 25, 2021 11:08:49.680 [17152:15972:1125/110849.679:ERROR:chrome_browser_main_extra_parts_metrics.cc(229)] crbug.com/1216328: Checking Bluetooth availability ended.
11월 25, 2021 11:08:49.680 [17152:15972:1125/110849.679:ERROR:chrome_browser_main_extra_parts_metrics.cc(232)] crbug.com/1216328: Checking default browser status started. Please report if there is no report that this ends.
11월 25, 2021 11:08:49.680 [17152:15972:1125/110849.680:ERROR:chrome_browser_main_extra_parts_metrics.cc(236)] crbug.com/1216328: Checking default browser status ended.
11월 25, 2021 11:08:49.692 [17152:13916:1125/110849.692:ERROR:device_event_log_impl.cc(214)] [11:08:49.692] Bluetooth: bluetooth_adapter_winrt.cc:1075 Getting Default Adapter failed.

11월 26, 2021 09:15:35.59 NEW SESSION
11월 26, 2021 09:15:35.59 [1424:10168:1126/091535.056:ERROR:chrome_browser_main_extra_parts_metrics.cc(226)] crbug.com/1216328: Checking Bluetooth availability started. Please report if there is no report that this ends.
11월 26, 2021 09:15:35.59 [1424:10168:1126/091535.057:ERROR:chrome_browser_main_extra_parts_metrics.cc(229)] crbug.com/1216328: Checking Bluetooth availability ended.
11월 26, 2021 09:15:35.60 [1424:10168:1126/091535.057:ERROR:chrome_browser_main_extra_parts_metrics.cc(232)] crbug.com/1216328: Checking default browser status started. Please report if there is no report that this ends.
11월 26, 2021 09:15:35.61 [1424:10168:1126/091535.059:ERROR:chrome_browser_main_extra_parts_metrics.cc(236)] crbug.com/1216328: Checking default browser status ended.
11월 26, 2021 09:15:35.72 [1424:2736:1126/091535.072:ERROR:device_event_log_impl.cc(214)] [09:15:35.072] Bluetooth: bluetooth_adapter_winrt.cc:1075 Getting Default Adapter failed.
11월 26, 2021 10:46:37.633 [11004:5836:1126/104637.632:ERROR:chrome_browser_main_extra_parts_metrics.cc(226)] crbug.com/1216328: Checking Bluetooth availability started. Please report if there is no report that this ends.
11월 26, 2021 10:46:37.634 [11004:5836:1126/104637.632:ERROR:chrome_browser_main_extra_parts_metrics.cc(229)] crbug.com/1216328: Checking Bluetooth availability ended.
11월 26, 2021 10:46:37.635 [11004:5836:1126/104637.632:ERROR:chrome_browser_main_extra_parts_metrics.cc(232)] crbug.com/1216328: Checking default browser status started. Please report if there is no report that this ends.
11월 26, 2021 10:46:37.636 [11004:5836:1126/104637.636:ERROR:chrome_browser_main_extra_parts_metrics.cc(236)] crbug.com/1216328: Checking default browser status ended.
11월 26, 2021 10:46:37.648 [11004:4220:1126/104637.648:ERROR:device_event_log_impl.cc(214)] [10:46:37.648] Bluetooth: bluetooth_adapter_winrt.cc:1075 Getting Default Adapter failed.
11월 26, 2021 10:57:51.127 [12160:3088:1126/105751.126:ERROR:chrome_browser_main_extra_parts_metrics.cc(226)] crbug.com/1216328: Checking Bluetooth availability started. Please report if there is no report that this ends.
11월 26, 2021 10:57:51.127 [12160:3088:1126/105751.127:ERROR:chrome_browser_main_extra_parts_metrics.cc(229)] crbug.com/1216328: Checking Bluetooth availability ended.
11월 26, 2021 10:57:51.127 [12160:3088:1126/105751.127:ERROR:chrome_browser_main_extra_parts_metrics.cc(232)] crbug.com/1216328: Checking default browser status started. Please report if there is no report that this ends.
11월 26, 2021 10:57:51.128 [12160:3088:1126/105751.128:ERROR:chrome_browser_main_extra_parts_metrics.cc(236)] crbug.com/1216328: Checking default browser status ended.
11월 26, 2021 10:57:51.145 [12160:8684:1126/105751.144:ERROR:device_event_log_impl.cc(214)] [10:57:51.144] Bluetooth: bluetooth_adapter_winrt.cc:1075 Getting Default Adapter failed.
11월 26, 2021 12:02:59.744 [12160:14016:1126/120259.743:ERROR:database.cc(1773)] Passwords SQLite error: code 2067 errno 0: UNIQUE constraint failed: logins.origin_url, logins.username_element, logins.username_value, logins.password_element, logins.signon_realm sql: INSERT INTO logins (origin_url, action_url, username_element, username_value, password_element, password_value, submit_element, signon_realm, date_created, blacklisted_by_user, scheme, password_type, times_used, form_data, display_name, icon_url, federation_url, skip_zero_click, generation_upload_status, possible_username_pairs, id, date_last_used, moving_blocked_for, date_password_modified) VALUES (?,?,?,?,?,?,?,?,?,?,?,?,?,?,?,?,?,?,?,?,?,?,?,?)
11월 26, 2021 12:06:26.889 [12160:32:1126/120626.888:ERROR:database.cc(1773)] Passwords SQLite error: code 2067 errno 0: UNIQUE constraint failed: logins.origin_url, logins.username_element, logins.username_value, logins.password_element, logins.signon_realm sql: INSERT INTO logins (origin_url, action_url, username_element, username_value, password_element, password_value, submit_element, signon_realm, date_created, blacklisted_by_user, scheme, password_type, times_used, form_data, display_name, icon_url, federation_url, skip_zero_click, generation_upload_status, possible_username_pairs, id, date_last_used, moving_blocked_for, date_password_modified) VALUES (?,?,?,?,?,?,?,?,?,?,?,?,?,?,?,?,?,?,?,?,?,?,?,?)
11월 26, 2021 12:10:17.543 [12160:8256:1126/121017.543:ERROR:database.cc(1773)] Passwords SQLite error: code 2067 errno 0: UNIQUE constraint failed: logins.origin_url, logins.username_element, logins.username_value, logins.password_element, logins.signon_realm sql: INSERT INTO logins (origin_url, action_url, username_element, username_value, password_element, password_value, submit_element, signon_realm, date_created, blacklisted_by_user, scheme, password_type, times_used, form_data, display_name, icon_url, federation_url, skip_zero_click, generation_upload_status, possible_username_pairs, id, date_last_used, moving_blocked_for, date_password_modified) VALUES (?,?,?,?,?,?,?,?,?,?,?,?,?,?,?,?,?,?,?,?,?,?,?,?)
11월 26, 2021 12:11:59.359 [12160:17832:1126/121159.359:ERROR:database.cc(1773)] Passwords SQLite error: code 2067 errno 0: UNIQUE constraint failed: logins.origin_url, logins.username_element, logins.username_value, logins.password_element, logins.signon_realm sql: INSERT INTO logins (origin_url, action_url, username_element, username_value, password_element, password_value, submit_element, signon_realm, date_created, blacklisted_by_user, scheme, password_type, times_used, form_data, display_name, icon_url, federation_url, skip_zero_click, generation_upload_status, possible_username_pairs, id, date_last_used, moving_blocked_for, date_password_modified) VALUES (?,?,?,?,?,?,?,?,?,?,?,?,?,?,?,?,?,?,?,?,?,?,?,?)
11월 26, 2021 12:12:15.335 [12160:8684:1126/121215.335:ERROR:interface_endpoint_client.cc(658)] Message 1 rejected by interface blink.mojom.WidgetHost

11월 29, 2021 11:07:58.721 NEW SESSION
11월 29, 2021 11:07:58.721 [15664:17204:1129/110758.719:ERROR:chrome_browser_main_extra_parts_metrics.cc(226)] crbug.com/1216328: Checking Bluetooth availability started. Please report if there is no report that this ends.
11월 29, 2021 11:07:58.721 [15664:17204:1129/110758.719:ERROR:chrome_browser_main_extra_parts_metrics.cc(229)] crbug.com/1216328: Checking Bluetooth availability ended.
11월 29, 2021 11:07:58.721 [15664:17204:1129/110758.719:ERROR:chrome_browser_main_extra_parts_metrics.cc(232)] crbug.com/1216328: Checking default browser status started. Please report if there is no report that this ends.
11월 29, 2021 11:07:58.722 [15664:17204:1129/110758.721:ERROR:chrome_browser_main_extra_parts_metrics.cc(236)] crbug.com/1216328: Checking default browser status ended.
11월 29, 2021 11:07:58.735 [15664:5652:1129/110758.735:ERROR:device_event_log_impl.cc(214)] [11:07:58.734] Bluetooth: bluetooth_adapter_winrt.cc:1075 Getting Default Adapter failed.
11월 29, 2021 11:18:19.446 [15256:12980:1129/111819.446:ERROR:chrome_browser_main_extra_parts_metrics.cc(226)] crbug.com/1216328: Checking Bluetooth availability started. Please report if there is no report that this ends.
11월 29, 2021 11:18:19.446 [15256:12980:1129/111819.446:ERROR:chrome_browser_main_extra_parts_metrics.cc(229)] crbug.com/1216328: Checking Bluetooth availability ended.
11월 29, 2021 11:18:19.447 [15256:12980:1129/111819.446:ERROR:chrome_browser_main_extra_parts_metrics.cc(232)] crbug.com/1216328: Checking default browser status started. Please report if there is no report that this ends.
11월 29, 2021 11:18:19.447 [15256:12980:1129/111819.446:ERROR:chrome_browser_main_extra_parts_metrics.cc(236)] crbug.com/1216328: Checking default browser status ended.
11월 29, 2021 11:18:19.457 [15256:14704:1129/111819.457:ERROR:device_event_log_impl.cc(214)] [11:18:19.456] Bluetooth: bluetooth_adapter_winrt.cc:1075 Getting Default Adapter failed.
11월 29, 2021 11:35:08.136 [17088:5764:1129/113508.136:ERROR:chrome_browser_main_extra_parts_metrics.cc(226)] crbug.com/1216328: Checking Bluetooth availability started. Please report if there is no report that this ends.
11월 29, 2021 11:35:08.137 [17088:5764:1129/113508.136:ERROR:chrome_browser_main_extra_parts_metrics.cc(229)] crbug.com/1216328: Checking Bluetooth availability ended.
11월 29, 2021 11:35:08.137 [17088:5764:1129/113508.136:ERROR:chrome_browser_main_extra_parts_metrics.cc(232)] crbug.com/1216328: Checking default browser status started. Please report if there is no report that this ends.
11월 29, 2021 11:35:08.138 [17088:5764:1129/113508.138:ERROR:chrome_browser_main_extra_parts_metrics.cc(236)] crbug.com/1216328: Checking default browser status ended.
11월 29, 2021 11:35:08.153 [17088:5104:1129/113508.153:ERROR:device_event_log_impl.cc(214)] [11:35:08.153] Bluetooth: bluetooth_adapter_winrt.cc:1075 Getting Default Adapter failed.
11월 29, 2021 12:17:18.159 [11840:17664:1129/121718.158:ERROR:chrome_browser_main_extra_parts_metrics.cc(226)] crbug.com/1216328: Checking Bluetooth availability started. Please report if there is no report that this ends.
11월 29, 2021 12:17:18.160 [11840:17664:1129/121718.158:ERROR:chrome_browser_main_extra_parts_metrics.cc(229)] crbug.com/1216328: Checking Bluetooth availability ended.
11월 29, 2021 12:17:18.161 [11840:17664:1129/121718.158:ERROR:chrome_browser_main_extra_parts_metrics.cc(232)] crbug.com/1216328: Checking default browser status started. Please report if there is no report that this ends.
11월 29, 2021 12:17:18.164 [11840:17664:1129/121718.163:ERROR:chrome_browser_main_extra_parts_metrics.cc(236)] crbug.com/1216328: Checking default browser status ended.
11월 29, 2021 12:17:18.179 [11840:6900:1129/121718.179:ERROR:device_event_log_impl.cc(214)] [12:17:18.178] Bluetooth: bluetooth_adapter_winrt.cc:1075 Getting Default Adapter failed.
11월 29, 2021 12:28:50.469 [8972:5844:1129/122850.469:ERROR:chrome_browser_main_extra_parts_metrics.cc(226)] crbug.com/1216328: Checking Bluetooth availability started. Please report if there is no report that this ends.
11월 29, 2021 12:28:50.470 [8972:5844:1129/122850.469:ERROR:chrome_browser_main_extra_parts_metrics.cc(229)] crbug.com/1216328: Checking Bluetooth availability ended.
11월 29, 2021 12:28:50.471 [8972:5844:1129/122850.469:ERROR:chrome_browser_main_extra_parts_metrics.cc(232)] crbug.com/1216328: Checking default browser status started. Please report if there is no report that this ends.
11월 29, 2021 12:28:50.473 [8972:5844:1129/122850.472:ERROR:chrome_browser_main_extra_parts_metrics.cc(236)] crbug.com/1216328: Checking default browser status ended.
11월 29, 2021 12:28:50.490 [8972:4976:1129/122850.490:ERROR:device_event_log_impl.cc(214)] [12:28:50.490] Bluetooth: bluetooth_adapter_winrt.cc:1075 Getting Default Adapter failed.
11월 29, 2021 12:46:39.632 [5572:10824:1129/124639.631:ERROR:chrome_browser_main_extra_parts_metrics.cc(226)] crbug.com/1216328: Checking Bluetooth availability started. Please report if there is no report that this ends.
11월 29, 2021 12:46:39.633 [5572:10824:1129/124639.631:ERROR:chrome_browser_main_extra_parts_metrics.cc(229)] crbug.com/1216328: Checking Bluetooth availability ended.
11월 29, 2021 12:46:39.633 [5572:10824:1129/124639.631:ERROR:chrome_browser_main_extra_parts_metrics.cc(232)] crbug.com/1216328: Checking default browser status started. Please report if there is no report that this ends.
11월 29, 2021 12:46:39.634 [5572:10824:1129/124639.634:ERROR:chrome_browser_main_extra_parts_metrics.cc(236)] crbug.com/1216328: Checking default browser status ended.
11월 29, 2021 12:46:39.646 [5572:14360:1129/124639.646:ERROR:device_event_log_impl.cc(214)] [12:46:39.646] Bluetooth: bluetooth_adapter_winrt.cc:1075 Getting Default Adapter failed.
11월 29, 2021 12:47:03.839 [5004:9404:1129/124703.839:ERROR:chrome_browser_main_extra_parts_metrics.cc(226)] crbug.com/1216328: Checking Bluetooth availability started. Please report if there is no report that this ends.
11월 29, 2021 12:47:03.839 [5004:9404:1129/124703.839:ERROR:chrome_browser_main_extra_parts_metrics.cc(229)] crbug.com/1216328: Checking Bluetooth availability ended.
11월 29, 2021 12:47:03.839 [5004:9404:1129/124703.839:ERROR:chrome_browser_main_extra_parts_metrics.cc(232)] crbug.com/1216328: Checking default browser status started. Please report if there is no report that this ends.
11월 29, 2021 12:47:03.840 [5004:9404:1129/124703.840:ERROR:chrome_browser_main_extra_parts_metrics.cc(236)] crbug.com/1216328: Checking default browser status ended.
11월 29, 2021 12:47:03.855 [5004:8060:1129/124703.855:ERROR:device_event_log_impl.cc(214)] [12:47:03.855] Bluetooth: bluetooth_adapter_winrt.cc:1075 Getting Default Adapter failed.

11월 30, 2021 15:42:20.999 NEW SESSION
11월 30, 2021 15:42:20.999 [10648:11140:1130/154220.996:ERROR:chrome_browser_main_extra_parts_metrics.cc(226)] crbug.com/1216328: Checking Bluetooth availability started. Please report if there is no report that this ends.
11월 30, 2021 15:42:21.04 [10648:11140:1130/154220.996:ERROR:chrome_browser_main_extra_parts_metrics.cc(229)] crbug.com/1216328: Checking Bluetooth availability ended.
11월 30, 2021 15:42:21.04 [10648:11140:1130/154220.996:ERROR:chrome_browser_main_extra_parts_metrics.cc(232)] crbug.com/1216328: Checking default browser status started. Please report if there is no report that this ends.
11월 30, 2021 15:42:21.04 [10648:11140:1130/154220.999:ERROR:chrome_browser_main_extra_parts_metrics.cc(236)] crbug.com/1216328: Checking default browser status ended.
11월 30, 2021 15:42:21.12 [10648:8668:1130/154221.011:ERROR:device_event_log_impl.cc(214)] [15:42:21.012] Bluetooth: bluetooth_adapter_winrt.cc:1075 Getting Default Adapter failed.
11월 30, 2021 16:17:13.944 [3032:3204:1130/161713.943:ERROR:chrome_browser_main_extra_parts_metrics.cc(226)] crbug.com/1216328: Checking Bluetooth availability started. Please report if there is no report that this ends.
11월 30, 2021 16:17:13.945 [3032:3204:1130/161713.944:ERROR:chrome_browser_main_extra_parts_metrics.cc(229)] crbug.com/1216328: Checking Bluetooth availability ended.
11월 30, 2021 16:17:13.946 [3032:3204:1130/161713.944:ERROR:chrome_browser_main_extra_parts_metrics.cc(232)] crbug.com/1216328: Checking default browser status started. Please report if there is no report that this ends.
11월 30, 2021 16:17:13.947 [3032:3204:1130/161713.946:ERROR:chrome_browser_main_extra_parts_metrics.cc(236)] crbug.com/1216328: Checking default browser status ended.
11월 30, 2021 16:17:13.970 [3032:836:1130/161713.970:ERROR:device_event_log_impl.cc(214)] [16:17:13.970] Bluetooth: bluetooth_adapter_winrt.cc:1075 Getting Default Adapter failed.
11월 30, 2021 16:17:23.408 [5076:10712:1130/161723.408:ERROR:chrome_browser_main_extra_parts_metrics.cc(226)] crbug.com/1216328: Checking Bluetooth availability started. Please report if there is no report that this ends.
11월 30, 2021 16:17:23.410 [5076:10712:1130/161723.408:ERROR:chrome_browser_main_extra_parts_metrics.cc(229)] crbug.com/1216328: Checking Bluetooth availability ended.
11월 30, 2021 16:17:23.411 [5076:10712:1130/161723.408:ERROR:chrome_browser_main_extra_parts_metrics.cc(232)] crbug.com/1216328: Checking default browser status started. Please report if there is no report that this ends.
11월 30, 2021 16:17:23.411 [5076:10712:1130/161723.411:ERROR:chrome_browser_main_extra_parts_metrics.cc(236)] crbug.com/1216328: Checking default browser status ended.
11월 30, 2021 16:17:23.423 [5076:4084:1130/161723.422:ERROR:device_event_log_impl.cc(214)] [16:17:23.422] Bluetooth: bluetooth_adapter_winrt.cc:1075 Getting Default Adapter failed.
11월 30, 2021 16:18:21.310 [6492:9304:1130/161821.309:ERROR:chrome_browser_main_extra_parts_metrics.cc(226)] crbug.com/1216328: Checking Bluetooth availability started. Please report if there is no report that this ends.
11월 30, 2021 16:18:21.310 [6492:9304:1130/161821.310:ERROR:chrome_browser_main_extra_parts_metrics.cc(229)] crbug.com/1216328: Checking Bluetooth availability ended.
11월 30, 2021 16:18:21.310 [6492:9304:1130/161821.310:ERROR:chrome_browser_main_extra_parts_metrics.cc(232)] crbug.com/1216328: Checking default browser status started. Please report if there is no report that this ends.
11월 30, 2021 16:18:21.311 [6492:9304:1130/161821.310:ERROR:chrome_browser_main_extra_parts_metrics.cc(236)] crbug.com/1216328: Checking default browser status ended.
11월 30, 2021 16:18:21.322 [6492:556:1130/161821.322:ERROR:device_event_log_impl.cc(214)] [16:18:21.322] Bluetooth: bluetooth_adapter_winrt.cc:1075 Getting Default Adapter failed.
11월 30, 2021 16:18:51.979 [7340:8908:1130/161851.978:ERROR:chrome_browser_main_extra_parts_metrics.cc(226)] crbug.com/1216328: Checking Bluetooth availability started. Please report if there is no report that this ends.
11월 30, 2021 16:18:51.980 [7340:8908:1130/161851.978:ERROR:chrome_browser_main_extra_parts_metrics.cc(229)] crbug.com/1216328: Checking Bluetooth availability ended.
11월 30, 2021 16:18:51.980 [7340:8908:1130/161851.978:ERROR:chrome_browser_main_extra_parts_metrics.cc(232)] crbug.com/1216328: Checking default browser status started. Please report if there is no report that this ends.
11월 30, 2021 16:18:51.981 [7340:8908:1130/161851.981:ERROR:chrome_browser_main_extra_parts_metrics.cc(236)] crbug.com/1216328: Checking default browser status ended.
11월 30, 2021 16:18:51.991 [7340:10932:1130/161851.991:ERROR:device_event_log_impl.cc(214)] [16:18:51.991] Bluetooth: bluetooth_adapter_winrt.cc:1075 Getting Default Adapter failed.

11월 30, 2021 16:21:10.487 NEW SESSION
11월 30, 2021 16:21:10.487 [10980:10892:1130/162110.485:ERROR:chrome_browser_main_extra_parts_metrics.cc(226)] crbug.com/1216328: Checking Bluetooth availability started. Please report if there is no report that this ends.
11월 30, 2021 16:21:10.488 [10980:10892:1130/162110.485:ERROR:chrome_browser_main_extra_parts_metrics.cc(229)] crbug.com/1216328: Checking Bluetooth availability ended.
11월 30, 2021 16:21:10.489 [10980:10892:1130/162110.485:ERROR:chrome_browser_main_extra_parts_metrics.cc(232)] crbug.com/1216328: Checking default browser status started. Please report if there is no report that this ends.
11월 30, 2021 16:21:10.490 [10980:10892:1130/162110.487:ERROR:chrome_browser_main_extra_parts_metrics.cc(236)] crbug.com/1216328: Checking default browser status ended.
11월 30, 2021 16:21:10.508 [10980:1356:1130/162110.508:ERROR:device_event_log_impl.cc(214)] [16:21:10.508] Bluetooth: bluetooth_adapter_winrt.cc:1075 Getting Default Adapter failed.
11월 30, 2021 16:35:17.607 [652:12220:1130/163517.606:ERROR:chrome_browser_main_extra_parts_metrics.cc(226)] crbug.com/1216328: Checking Bluetooth availability started. Please report if there is no report that this ends.
11월 30, 2021 16:35:17.609 [652:12220:1130/163517.606:ERROR:chrome_browser_main_extra_parts_metrics.cc(229)] crbug.com/1216328: Checking Bluetooth availability ended.
11월 30, 2021 16:35:17.609 [652:12220:1130/163517.606:ERROR:chrome_browser_main_extra_parts_metrics.cc(232)] crbug.com/1216328: Checking default browser status started. Please report if there is no report that this ends.
11월 30, 2021 16:35:17.609 [652:12220:1130/163517.609:ERROR:chrome_browser_main_extra_parts_metrics.cc(236)] crbug.com/1216328: Checking default browser status ended.
11월 30, 2021 16:35:17.621 [652:5696:1130/163517.620:ERROR:device_event_log_impl.cc(214)] [16:35:17.620] Bluetooth: bluetooth_adapter_winrt.cc:1075 Getting Default Adapter failed.
11월 30, 2021 16:53:57.928 [652:5696:1130/165357.928:ERROR:interface_endpoint_client.cc(658)] Message 1 rejected by interface blink.mojom.WidgetHost
11월 30, 2021 17:02:49.320 [652:5696:1130/170249.320:ERROR:interface_endpoint_client.cc(658)] Message 0 rejected by interface blink.mojom.WidgetHost

12월 01, 2021 17:27:05.35 NEW SESSION
12월 01, 2021 17:27:05.36 [6116:4152:1201/172705.033:ERROR:chrome_browser_main_extra_parts_metrics.cc(226)] crbug.com/1216328: Checking Bluetooth availability started. Please report if there is no report that this ends.
12월 01, 2021 17:27:05.36 [6116:4152:1201/172705.033:ERROR:chrome_browser_main_extra_parts_metrics.cc(229)] crbug.com/1216328: Checking Bluetooth availability ended.
12월 01, 2021 17:27:05.36 [6116:4152:1201/172705.033:ERROR:chrome_browser_main_extra_parts_metrics.cc(232)] crbug.com/1216328: Checking default browser status started. Please report if there is no report that this ends.
12월 01, 2021 17:27:05.37 [6116:4152:1201/172705.035:ERROR:chrome_browser_main_extra_parts_metrics.cc(236)] crbug.com/1216328: Checking default browser status ended.
12월 01, 2021 17:27:05.49 [6116:9408:1201/172705.049:ERROR:device_event_log_impl.cc(214)] [17:27:05.048] Bluetooth: bluetooth_adapter_winrt.cc:1075 Getting Default Adapter failed.

12월 14, 2021 16:17:51.399 NEW SESSION
12월 14, 2021 16:17:51.399 [10448:1980:1214/161751.391:ERROR:chrome_browser_main_extra_parts_metrics.cc(226)] crbug.com/1216328: Checking Bluetooth availability started. Please report if there is no report that this ends.
12월 14, 2021 16:17:51.400 [10448:1980:1214/161751.391:ERROR:chrome_browser_main_extra_parts_metrics.cc(229)] crbug.com/1216328: Checking Bluetooth availability ended.
12월 14, 2021 16:17:51.400 [10448:1980:1214/161751.391:ERROR:chrome_browser_main_extra_parts_metrics.cc(232)] crbug.com/1216328: Checking default browser status started. Please report if there is no report that this ends.
12월 14, 2021 16:17:51.400 [10448:1980:1214/161751.394:ERROR:chrome_browser_main_extra_parts_metrics.cc(236)] crbug.com/1216328: Checking default browser status ended.
12월 14, 2021 16:17:51.401 [10448:7760:1214/161751.401:ERROR:device_event_log_impl.cc(214)] [16:17:51.401] Bluetooth: bluetooth_adapter_winrt.cc:1075 Getting Default Adapter failed.
12월 14, 2021 16:19:12.270 [10448:7760:1214/161912.270:ERROR:interface_endpoint_client.cc(658)] Message 0 rejected by interface blink.mojom.WidgetHost

12월 15, 2021 14:31:05.115 NEW SESSION
12월 15, 2021 14:31:05.115 [7780:7028:1215/143105.112:ERROR:chrome_browser_main_extra_parts_metrics.cc(226)] crbug.com/1216328: Checking Bluetooth availability started. Please report if there is no report that this ends.
12월 15, 2021 14:31:05.120 [7780:7028:1215/143105.112:ERROR:chrome_browser_main_extra_parts_metrics.cc(229)] crbug.com/1216328: Checking Bluetooth availability ended.
12월 15, 2021 14:31:05.120 [7780:7028:1215/143105.112:ERROR:chrome_browser_main_extra_parts_metrics.cc(232)] crbug.com/1216328: Checking default browser status started. Please report if there is no report that this ends.
12월 15, 2021 14:31:05.121 [7780:7028:1215/143105.114:ERROR:chrome_browser_main_extra_parts_metrics.cc(236)] crbug.com/1216328: Checking default browser status ended.
12월 15, 2021 14:31:05.121 [7780:2980:1215/143105.119:ERROR:device_event_log_impl.cc(214)] [14:31:05.119] Bluetooth: bluetooth_adapter_winrt.cc:1075 Getting Default Adapter failed.
12월 15, 2021 14:31:25.215 [11228:468:1215/143125.214:ERROR:chrome_browser_main_extra_parts_metrics.cc(226)] crbug.com/1216328: Checking Bluetooth availability started. Please report if there is no report that this ends.
12월 15, 2021 14:31:25.217 [11228:468:1215/143125.214:ERROR:chrome_browser_main_extra_parts_metrics.cc(229)] crbug.com/1216328: Checking Bluetooth availability ended.
12월 15, 2021 14:31:25.219 [11228:468:1215/143125.214:ERROR:chrome_browser_main_extra_parts_metrics.cc(232)] crbug.com/1216328: Checking default browser status started. Please report if there is no report that this ends.
12월 15, 2021 14:31:25.220 [11228:468:1215/143125.219:ERROR:chrome_browser_main_extra_parts_metrics.cc(236)] crbug.com/1216328: Checking default browser status ended.
12월 15, 2021 14:31:25.237 [11228:8812:1215/143125.237:ERROR:device_event_log_impl.cc(214)] [14:31:25.237] Bluetooth: bluetooth_adapter_winrt.cc:1075 Getting Default Adapter failed.
12월 15, 2021 16:05:24.316 [4564:3032:1215/160524.315:ERROR:chrome_browser_main_extra_parts_metrics.cc(226)] crbug.com/1216328: Checking Bluetooth availability started. Please report if there is no report that this ends.
12월 15, 2021 16:05:24.317 [4564:3032:1215/160524.315:ERROR:chrome_browser_main_extra_parts_metrics.cc(229)] crbug.com/1216328: Checking Bluetooth availability ended.
12월 15, 2021 16:05:24.317 [4564:3032:1215/160524.315:ERROR:chrome_browser_main_extra_parts_metrics.cc(232)] crbug.com/1216328: Checking default browser status started. Please report if there is no report that this ends.
12월 15, 2021 16:05:24.317 [4564:3032:1215/160524.317:ERROR:chrome_browser_main_extra_parts_metrics.cc(236)] crbug.com/1216328: Checking default browser status ended.
12월 15, 2021 16:05:24.323 [4564:168:1215/160524.322:ERROR:device_event_log_impl.cc(214)] [16:05:24.322] Bluetooth: bluetooth_adapter_winrt.cc:1075 Getting Default Adapter failed.
12월 15, 2021 16:31:55.63 [4192:9608:1215/163155.062:ERROR:chrome_browser_main_extra_parts_metrics.cc(226)] crbug.com/1216328: Checking Bluetooth availability started. Please report if there is no report that this ends.
12월 15, 2021 16:31:55.64 [4192:9608:1215/163155.062:ERROR:chrome_browser_main_extra_parts_metrics.cc(229)] crbug.com/1216328: Checking Bluetooth availability ended.
12월 15, 2021 16:31:55.64 [4192:9608:1215/163155.062:ERROR:chrome_browser_main_extra_parts_metrics.cc(232)] crbug.com/1216328: Checking default browser status started. Please report if there is no report that this ends.
12월 15, 2021 16:31:55.65 [4192:9608:1215/163155.065:ERROR:chrome_browser_main_extra_parts_metrics.cc(236)] crbug.com/1216328: Checking default browser status ended.
12월 15, 2021 16:31:55.73 [4192:10052:1215/163155.072:ERROR:device_event_log_impl.cc(214)] [16:31:55.072] Bluetooth: bluetooth_adapter_winrt.cc:1075 Getting Default Adapter failed.
12월 15, 2021 16:37:13.721 [7268:10448:1215/163713.720:ERROR:chrome_browser_main_extra_parts_metrics.cc(226)] crbug.com/1216328: Checking Bluetooth availability started. Please report if there is no report that this ends.
12월 15, 2021 16:37:13.722 [7268:10448:1215/163713.720:ERROR:chrome_browser_main_extra_parts_metrics.cc(229)] crbug.com/1216328: Checking Bluetooth availability ended.
12월 15, 2021 16:37:13.723 [7268:10448:1215/163713.720:ERROR:chrome_browser_main_extra_parts_metrics.cc(232)] crbug.com/1216328: Checking default browser status started. Please report if there is no report that this ends.
12월 15, 2021 16:37:13.724 [7268:10448:1215/163713.723:ERROR:chrome_browser_main_extra_parts_metrics.cc(236)] crbug.com/1216328: Checking default browser status ended.
12월 15, 2021 16:37:13.729 [7268:4752:1215/163713.729:ERROR:device_event_log_impl.cc(214)] [16:37:13.729] Bluetooth: bluetooth_adapter_winrt.cc:1075 Getting Default Adapter failed.
12월 15, 2021 16:37:20.485 [3540:8704:1215/163720.485:ERROR:chrome_browser_main_extra_parts_metrics.cc(226)] crbug.com/1216328: Checking Bluetooth availability started. Please report if there is no report that this ends.
12월 15, 2021 16:37:20.485 [3540:8704:1215/163720.485:ERROR:chrome_browser_main_extra_parts_metrics.cc(229)] crbug.com/1216328: Checking Bluetooth availability ended.
12월 15, 2021 16:37:20.485 [3540:8704:1215/163720.485:ERROR:chrome_browser_main_extra_parts_metrics.cc(232)] crbug.com/1216328: Checking default browser status started. Please report if there is no report that this ends.
12월 15, 2021 16:37:20.486 [3540:8704:1215/163720.486:ERROR:chrome_browser_main_extra_parts_metrics.cc(236)] crbug.com/1216328: Checking default browser status ended.
12월 15, 2021 16:37:20.491 [3540:3972:1215/163720.491:ERROR:device_event_log_impl.cc(214)] [16:37:20.490] Bluetooth: bluetooth_adapter_winrt.cc:1075 Getting Default Adapter failed.
12월 15, 2021 16:39:22.284 [7480:10464:1215/163922.283:ERROR:chrome_browser_main_extra_parts_metrics.cc(226)] crbug.com/1216328: Checking Bluetooth availability started. Please report if there is no report that this ends.
12월 15, 2021 16:39:22.285 [7480:10464:1215/163922.283:ERROR:chrome_browser_main_extra_parts_metrics.cc(229)] crbug.com/1216328: Checking Bluetooth availability ended.
12월 15, 2021 16:39:22.286 [7480:10464:1215/163922.283:ERROR:chrome_browser_main_extra_parts_metrics.cc(232)] crbug.com/1216328: Checking default browser status started. Please report if there is no report that this ends.
12월 15, 2021 16:39:22.286 [7480:10464:1215/163922.286:ERROR:chrome_browser_main_extra_parts_metrics.cc(236)] crbug.com/1216328: Checking default browser status ended.
12월 15, 2021 16:39:22.291 [7480:11116:1215/163922.291:ERROR:device_event_log_impl.cc(214)] [16:39:22.291] Bluetooth: bluetooth_adapter_winrt.cc:1075 Getting Default Adapter failed.
12월 15, 2021 16:44:57.835 [9568:11108:1215/164457.835:ERROR:chrome_browser_main_extra_parts_metrics.cc(226)] crbug.com/1216328: Checking Bluetooth availability started. Please report if there is no report that this ends.
12월 15, 2021 16:44:57.837 [9568:11108:1215/164457.835:ERROR:chrome_browser_main_extra_parts_metrics.cc(229)] crbug.com/1216328: Checking Bluetooth availability ended.
12월 15, 2021 16:44:57.837 [9568:11108:1215/164457.835:ERROR:chrome_browser_main_extra_parts_metrics.cc(232)] crbug.com/1216328: Checking default browser status started. Please report if there is no report that this ends.
12월 15, 2021 16:44:57.838 [9568:11108:1215/164457.838:ERROR:chrome_browser_main_extra_parts_metrics.cc(236)] crbug.com/1216328: Checking default browser status ended.
12월 15, 2021 16:44:57.843 [9568:7936:1215/164457.843:ERROR:device_event_log_impl.cc(214)] [16:44:57.842] Bluetooth: bluetooth_adapter_winrt.cc:1075 Getting Default Adapter failed.
12월 15, 2021 16:49:43.121 [1924:4020:1215/164943.121:ERROR:chrome_browser_main_extra_parts_metrics.cc(226)] crbug.com/1216328: Checking Bluetooth availability started. Please report if there is no report that this ends.
12월 15, 2021 16:49:43.121 [1924:4020:1215/164943.121:ERROR:chrome_browser_main_extra_parts_metrics.cc(229)] crbug.com/1216328: Checking Bluetooth availability ended.
12월 15, 2021 16:49:43.122 [1924:4020:1215/164943.121:ERROR:chrome_browser_main_extra_parts_metrics.cc(232)] crbug.com/1216328: Checking default browser status started. Please report if there is no report that this ends.
12월 15, 2021 16:49:43.122 [1924:4020:1215/164943.122:ERROR:chrome_browser_main_extra_parts_metrics.cc(236)] crbug.com/1216328: Checking default browser status ended.
12월 15, 2021 16:49:43.130 [1924:6272:1215/164943.130:ERROR:device_event_log_impl.cc(214)] [16:49:43.130] Bluetooth: bluetooth_adapter_winrt.cc:1075 Getting Default Adapter failed.
12월 15, 2021 16:53:23.455 [9272:5064:1215/165323.454:ERROR:chrome_browser_main_extra_parts_metrics.cc(226)] crbug.com/1216328: Checking Bluetooth availability started. Please report if there is no report that this ends.
12월 15, 2021 16:53:23.455 [9272:5064:1215/165323.454:ERROR:chrome_browser_main_extra_parts_metrics.cc(229)] crbug.com/1216328: Checking Bluetooth availability ended.
12월 15, 2021 16:53:23.456 [9272:5064:1215/165323.454:ERROR:chrome_browser_main_extra_parts_metrics.cc(232)] crbug.com/1216328: Checking default browser status started. Please report if there is no report that this ends.
12월 15, 2021 16:53:23.459 [9272:5064:1215/165323.458:ERROR:chrome_browser_main_extra_parts_metrics.cc(236)] crbug.com/1216328: Checking default browser status ended.
12월 15, 2021 16:53:23.472 [9272:2016:1215/165323.471:ERROR:device_event_log_impl.cc(214)] [16:53:23.472] Bluetooth: bluetooth_adapter_winrt.cc:1075 Getting Default Adapter failed.

12월 16, 2021 10:27:30.951 NEW SESSION
12월 16, 2021 10:27:30.951 [468:6200:1216/102730.950:ERROR:chrome_browser_main_extra_parts_metrics.cc(226)] crbug.com/1216328: Checking Bluetooth availability started. Please report if there is no report that this ends.
12월 16, 2021 10:27:30.951 [468:6200:1216/102730.950:ERROR:chrome_browser_main_extra_parts_metrics.cc(229)] crbug.com/1216328: Checking Bluetooth availability ended.
12월 16, 2021 10:27:30.951 [468:6200:1216/102730.950:ERROR:chrome_browser_main_extra_parts_metrics.cc(232)] crbug.com/1216328: Checking default browser status started. Please report if there is no report that this ends.
12월 16, 2021 10:27:30.952 [468:6200:1216/102730.950:ERROR:chrome_browser_main_extra_parts_metrics.cc(236)] crbug.com/1216328: Checking default browser status ended.
12월 16, 2021 10:27:30.956 [468:6584:1216/102730.956:ERROR:device_event_log_impl.cc(214)] [10:27:30.956] Bluetooth: bluetooth_adapter_winrt.cc:1075 Getting Default Adapter failed.
12월 16, 2021 10:28:18.739 [10972:4840:1216/102818.738:ERROR:chrome_browser_main_extra_parts_metrics.cc(226)] crbug.com/1216328: Checking Bluetooth availability started. Please report if there is no report that this ends.
12월 16, 2021 10:28:18.741 [10972:4840:1216/102818.738:ERROR:chrome_browser_main_extra_parts_metrics.cc(229)] crbug.com/1216328: Checking Bluetooth availability ended.
12월 16, 2021 10:28:18.741 [10972:4840:1216/102818.738:ERROR:chrome_browser_main_extra_parts_metrics.cc(232)] crbug.com/1216328: Checking default browser status started. Please report if there is no report that this ends.
12월 16, 2021 10:28:18.742 [10972:4840:1216/102818.741:ERROR:chrome_browser_main_extra_parts_metrics.cc(236)] crbug.com/1216328: Checking default browser status ended.
12월 16, 2021 10:28:18.754 [10972:10748:1216/102818.754:ERROR:device_event_log_impl.cc(214)] [10:28:18.754] Bluetooth: bluetooth_adapter_winrt.cc:1075 Getting Default Adapter failed.
12월 16, 2021 10:28:46.391 [10332:2484:1216/102846.390:ERROR:chrome_browser_main_extra_parts_metrics.cc(226)] crbug.com/1216328: Checking Bluetooth availability started. Please report if there is no report that this ends.
12월 16, 2021 10:28:46.391 [10332:2484:1216/102846.390:ERROR:chrome_browser_main_extra_parts_metrics.cc(229)] crbug.com/1216328: Checking Bluetooth availability ended.
12월 16, 2021 10:28:46.392 [10332:2484:1216/102846.390:ERROR:chrome_browser_main_extra_parts_metrics.cc(232)] crbug.com/1216328: Checking default browser status started. Please report if there is no report that this ends.
12월 16, 2021 10:28:46.392 [10332:2484:1216/102846.392:ERROR:chrome_browser_main_extra_parts_metrics.cc(236)] crbug.com/1216328: Checking default browser status ended.
12월 16, 2021 10:28:46.402 [10332:656:1216/102846.402:ERROR:device_event_log_impl.cc(214)] [10:28:46.402] Bluetooth: bluetooth_adapter_winrt.cc:1075 Getting Default Adapter failed.
12월 16, 2021 11:33:23.263 [2912:7452:1216/113323.263:ERROR:chrome_browser_main_extra_parts_metrics.cc(226)] crbug.com/1216328: Checking Bluetooth availability started. Please report if there is no report that this ends.
12월 16, 2021 11:33:23.263 [2912:7452:1216/113323.263:ERROR:chrome_browser_main_extra_parts_metrics.cc(229)] crbug.com/1216328: Checking Bluetooth availability ended.
12월 16, 2021 11:33:23.263 [2912:7452:1216/113323.263:ERROR:chrome_browser_main_extra_parts_metrics.cc(232)] crbug.com/1216328: Checking default browser status started. Please report if there is no report that this ends.
12월 16, 2021 11:33:23.264 [2912:7452:1216/113323.264:ERROR:chrome_browser_main_extra_parts_metrics.cc(236)] crbug.com/1216328: Checking default browser status ended.
12월 16, 2021 11:33:23.275 [2912:5780:1216/113323.275:ERROR:device_event_log_impl.cc(214)] [11:33:23.274] Bluetooth: bluetooth_adapter_winrt.cc:1075 Getting Default Adapter failed.
12월 16, 2021 12:46:15.175 [5744:2036:1216/124615.174:ERROR:chrome_browser_main_extra_parts_metrics.cc(226)] crbug.com/1216328: Checking Bluetooth availability started. Please report if there is no report that this ends.
12월 16, 2021 12:46:15.177 [5744:2036:1216/124615.174:ERROR:chrome_browser_main_extra_parts_metrics.cc(229)] crbug.com/1216328: Checking Bluetooth availability ended.
12월 16, 2021 12:46:15.179 [5744:2036:1216/124615.174:ERROR:chrome_browser_main_extra_parts_metrics.cc(232)] crbug.com/1216328: Checking default browser status started. Please report if there is no report that this ends.
12월 16, 2021 12:46:15.181 [5744:2036:1216/124615.181:ERROR:chrome_browser_main_extra_parts_metrics.cc(236)] crbug.com/1216328: Checking default browser status ended.
12월 16, 2021 12:46:15.197 [5744:548:1216/124615.196:ERROR:device_event_log_impl.cc(214)] [12:46:15.196] Bluetooth: bluetooth_adapter_winrt.cc:1075 Getting Default Adapter failed.

12월 17, 2021 15:00:56.787 NEW SESSION
12월 17, 2021 15:00:56.787 [1520:10792:1217/150056.785:ERROR:chrome_browser_main_extra_parts_metrics.cc(226)] crbug.com/1216328: Checking Bluetooth availability started. Please report if there is no report that this ends.
12월 17, 2021 15:00:56.787 [1520:10792:1217/150056.785:ERROR:chrome_browser_main_extra_parts_metrics.cc(229)] crbug.com/1216328: Checking Bluetooth availability ended.
12월 17, 2021 15:00:56.787 [1520:10792:1217/150056.785:ERROR:chrome_browser_main_extra_parts_metrics.cc(232)] crbug.com/1216328: Checking default browser status started. Please report if there is no report that this ends.
12월 17, 2021 15:00:56.788 [1520:10792:1217/150056.786:ERROR:chrome_browser_main_extra_parts_metrics.cc(236)] crbug.com/1216328: Checking default browser status ended.
12월 17, 2021 15:00:56.796 [1520:8064:1217/150056.796:ERROR:device_event_log_impl.cc(214)] [15:00:56.795] Bluetooth: bluetooth_adapter_winrt.cc:1075 Getting Default Adapter failed.

12월 21, 2021 09:29:12.262 NEW SESSION
12월 21, 2021 09:29:12.262 [1748:10476:1221/092912.256:ERROR:chrome_browser_main_extra_parts_metrics.cc(226)] crbug.com/1216328: Checking Bluetooth availability started. Please report if there is no report that this ends.
12월 21, 2021 09:29:12.263 [1748:10476:1221/092912.256:ERROR:chrome_browser_main_extra_parts_metrics.cc(229)] crbug.com/1216328: Checking Bluetooth availability ended.
12월 21, 2021 09:29:12.263 [1748:10476:1221/092912.256:ERROR:chrome_browser_main_extra_parts_metrics.cc(232)] crbug.com/1216328: Checking default browser status started. Please report if there is no report that this ends.
12월 21, 2021 09:29:12.263 [1748:10476:1221/092912.259:ERROR:chrome_browser_main_extra_parts_metrics.cc(236)] crbug.com/1216328: Checking default browser status ended.
12월 21, 2021 09:29:12.264 [1748:12188:1221/092912.264:ERROR:device_event_log_impl.cc(214)] [09:29:12.265] Bluetooth: bluetooth_adapter_winrt.cc:1075 Getting Default Adapter failed.
12월 21, 2021 10:41:26.184 [12468:5092:1221/104126.182:ERROR:chrome_browser_main_extra_parts_metrics.cc(226)] crbug.com/1216328: Checking Bluetooth availability started. Please report if there is no report that this ends.
12월 21, 2021 10:41:26.184 [12468:5092:1221/104126.182:ERROR:chrome_browser_main_extra_parts_metrics.cc(229)] crbug.com/1216328: Checking Bluetooth availability ended.
12월 21, 2021 10:41:26.184 [12468:5092:1221/104126.182:ERROR:chrome_browser_main_extra_parts_metrics.cc(232)] crbug.com/1216328: Checking default browser status started. Please report if there is no report that this ends.
12월 21, 2021 10:41:26.185 [12468:5092:1221/104126.184:ERROR:chrome_browser_main_extra_parts_metrics.cc(236)] crbug.com/1216328: Checking default browser status ended.
12월 21, 2021 10:41:26.192 [12468:7428:1221/104126.191:ERROR:device_event_log_impl.cc(214)] [10:41:26.192] Bluetooth: bluetooth_adapter_winrt.cc:1075 Getting Default Adapter failed.
12월 21, 2021 10:42:38.33 [7344:11072:1221/104238.032:ERROR:chrome_browser_main_extra_parts_metrics.cc(226)] crbug.com/1216328: Checking Bluetooth availability started. Please report if there is no report that this ends.
12월 21, 2021 10:42:38.33 [7344:11072:1221/104238.032:ERROR:chrome_browser_main_extra_parts_metrics.cc(229)] crbug.com/1216328: Checking Bluetooth availability ended.
12월 21, 2021 10:42:38.33 [7344:11072:1221/104238.032:ERROR:chrome_browser_main_extra_parts_metrics.cc(232)] crbug.com/1216328: Checking default browser status started. Please report if there is no report that this ends.
12월 21, 2021 10:42:38.34 [7344:11072:1221/104238.034:ERROR:chrome_browser_main_extra_parts_metrics.cc(236)] crbug.com/1216328: Checking default browser status ended.
12월 21, 2021 10:42:38.39 [7344:9748:1221/104238.039:ERROR:device_event_log_impl.cc(214)] [10:42:38.039] Bluetooth: bluetooth_adapter_winrt.cc:1075 Getting Default Adapter failed.
12월 21, 2021 11:07:28.749 [4728:11792:1221/110728.748:ERROR:chrome_browser_main_extra_parts_metrics.cc(226)] crbug.com/1216328: Checking Bluetooth availability started. Please report if there is no report that this ends.
12월 21, 2021 11:07:28.750 [4728:11792:1221/110728.748:ERROR:chrome_browser_main_extra_parts_metrics.cc(229)] crbug.com/1216328: Checking Bluetooth availability ended.
12월 21, 2021 11:07:28.750 [4728:11792:1221/110728.748:ERROR:chrome_browser_main_extra_parts_metrics.cc(232)] crbug.com/1216328: Checking default browser status started. Please report if there is no report that this ends.
12월 21, 2021 11:07:28.756 [4728:11792:1221/110728.750:ERROR:chrome_browser_main_extra_parts_metrics.cc(236)] crbug.com/1216328: Checking default browser status ended.
12월 21, 2021 11:07:28.760 [4728:5036:1221/110728.760:ERROR:device_event_log_impl.cc(214)] [11:07:28.759] Bluetooth: bluetooth_adapter_winrt.cc:1075 Getting Default Adapter failed.
12월 21, 2021 11:30:31.280 [908:1276:1221/113031.280:ERROR:chrome_browser_main_extra_parts_metrics.cc(226)] crbug.com/1216328: Checking Bluetooth availability started. Please report if there is no report that this ends.
12월 21, 2021 11:30:31.281 [908:1276:1221/113031.280:ERROR:chrome_browser_main_extra_parts_metrics.cc(229)] crbug.com/1216328: Checking Bluetooth availability ended.
12월 21, 2021 11:30:31.282 [908:1276:1221/113031.280:ERROR:chrome_browser_main_extra_parts_metrics.cc(232)] crbug.com/1216328: Checking default browser status started. Please report if there is no report that this ends.
12월 21, 2021 11:30:31.284 [908:1276:1221/113031.284:ERROR:chrome_browser_main_extra_parts_metrics.cc(236)] crbug.com/1216328: Checking default browser status ended.
12월 21, 2021 11:30:31.290 [908:13220:1221/113031.290:ERROR:device_event_log_impl.cc(214)] [11:30:31.289] Bluetooth: bluetooth_adapter_winrt.cc:1075 Getting Default Adapter failed.
12월 21, 2021 11:31:55.418 [14184:9136:1221/113155.417:ERROR:chrome_browser_main_extra_parts_metrics.cc(226)] crbug.com/1216328: Checking Bluetooth availability started. Please report if there is no report that this ends.
12월 21, 2021 11:31:55.419 [14184:9136:1221/113155.417:ERROR:chrome_browser_main_extra_parts_metrics.cc(229)] crbug.com/1216328: Checking Bluetooth availability ended.
12월 21, 2021 11:31:55.420 [14184:9136:1221/113155.417:ERROR:chrome_browser_main_extra_parts_metrics.cc(232)] crbug.com/1216328: Checking default browser status started. Please report if there is no report that this ends.
12월 21, 2021 11:31:55.420 [14184:9136:1221/113155.420:ERROR:chrome_browser_main_extra_parts_metrics.cc(236)] crbug.com/1216328: Checking default browser status ended.
12월 21, 2021 11:31:55.427 [14184:9260:1221/113155.427:ERROR:device_event_log_impl.cc(214)] [11:31:55.426] Bluetooth: bluetooth_adapter_winrt.cc:1075 Getting Default Adapter failed.

12월 21, 2021 19:16:21.253 NEW SESSION
12월 21, 2021 19:16:21.253 [9880:12620:1221/191621.249:ERROR:chrome_browser_main_extra_parts_metrics.cc(226)] crbug.com/1216328: Checking Bluetooth availability started. Please report if there is no report that this ends.
12월 21, 2021 19:16:21.254 [9880:12620:1221/191621.249:ERROR:chrome_browser_main_extra_parts_metrics.cc(229)] crbug.com/1216328: Checking Bluetooth availability ended.
12월 21, 2021 19:16:21.255 [9880:12620:1221/191621.249:ERROR:chrome_browser_main_extra_parts_metrics.cc(232)] crbug.com/1216328: Checking default browser status started. Please report if there is no report that this ends.
12월 21, 2021 19:16:21.256 [9880:12620:1221/191621.252:ERROR:chrome_browser_main_extra_parts_metrics.cc(236)] crbug.com/1216328: Checking default browser status ended.
12월 21, 2021 19:16:21.265 [9880:13648:1221/191621.264:ERROR:device_event_log_impl.cc(214)] [19:16:21.264] Bluetooth: bluetooth_adapter_winrt.cc:1075 Getting Default Adapter failed.
12월 21, 2021 19:34:52.254 [9880:13648:1221/193452.253:ERROR:interface_endpoint_client.cc(658)] Message 1 rejected by interface blink.mojom.WidgetHost
12월 21, 2021 19:36:37.75 [9880:13648:1221/193637.074:ERROR:interface_endpoint_client.cc(658)] Message 1 rejected by interface blink.mojom.WidgetHost

12월 30, 2021 08:43:02.13 NEW SESSION
12월 30, 2021 08:43:02.13 [4872:16688:1230/084302.011:ERROR:chrome_browser_main_extra_parts_metrics.cc(226)] crbug.com/1216328: Checking Bluetooth availability started. Please report if there is no report that this ends.
12월 30, 2021 08:43:02.16 [4872:13488:1230/084302.016:ERROR:device_event_log_impl.cc(214)] [08:43:02.015] USB: usb_device_handle_win.cc:1048 Failed to read descriptor from node connection: 시스템에 부착된 장치가 작동하지 않습니다. (0x1F)
12월 30, 2021 08:43:02.18 [4872:13488:1230/084302.018:ERROR:device_event_log_impl.cc(214)] [08:43:02.018] USB: usb_device_handle_win.cc:1048 Failed to read descriptor from node connection: 시스템에 부착된 장치가 작동하지 않습니다. (0x1F)
12월 30, 2021 08:43:02.19 [4872:13488:1230/084302.019:ERROR:device_event_log_impl.cc(214)] [08:43:02.019] USB: usb_device_handle_win.cc:1048 Failed to read descriptor from node connection: 시스템에 부착된 장치가 작동하지 않습니다. (0x1F)
12월 30, 2021 08:43:02.27 [4872:16688:1230/084302.027:ERROR:chrome_browser_main_extra_parts_metrics.cc(229)] crbug.com/1216328: Checking Bluetooth availability ended.
12월 30, 2021 08:43:02.27 [4872:16688:1230/084302.027:ERROR:chrome_browser_main_extra_parts_metrics.cc(232)] crbug.com/1216328: Checking default browser status started. Please report if there is no report that this ends.
12월 30, 2021 08:43:02.28 [4872:16688:1230/084302.028:ERROR:chrome_browser_main_extra_parts_metrics.cc(236)] crbug.com/1216328: Checking default browser status ended.
1월 01, 2022 19:33:09.481 [4872:13488:0101/193309.480:ERROR:CONSOLE(1)] "One popover is already visible", source: devtools://devtools/bundled/devtools-frontend/front_end/ui/legacy/legacy.js (1)

1월 04, 2022 16:17:12.791 NEW SESSION
1월 04, 2022 16:17:12.791 [5284:9672:0104/161712.788:ERROR:chrome_browser_main_extra_parts_metrics.cc(226)] crbug.com/1216328: Checking Bluetooth availability started. Please report if there is no report that this ends.
1월 04, 2022 16:17:12.792 [5284:9672:0104/161712.788:ERROR:chrome_browser_main_extra_parts_metrics.cc(229)] crbug.com/1216328: Checking Bluetooth availability ended.
1월 04, 2022 16:17:12.792 [5284:9672:0104/161712.788:ERROR:chrome_browser_main_extra_parts_metrics.cc(232)] crbug.com/1216328: Checking default browser status started. Please report if there is no report that this ends.
1월 04, 2022 16:17:12.792 [5284:9672:0104/161712.791:ERROR:chrome_browser_main_extra_parts_metrics.cc(236)] crbug.com/1216328: Checking default browser status ended.
1월 04, 2022 16:17:12.796 [5284:10580:0104/161712.796:ERROR:device_event_log_impl.cc(214)] [16:17:12.795] USB: usb_device_handle_win.cc:1048 Failed to read descriptor from node connection: 시스템에 부착된 장치가 작동하지 않습니다. (0x1F)
1월 04, 2022 17:12:35.209 [15188:11104:0104/171235.208:ERROR:chrome_browser_main_extra_parts_metrics.cc(226)] crbug.com/1216328: Checking Bluetooth availability started. Please report if there is no report that this ends.
1월 04, 2022 17:12:35.209 [15188:11104:0104/171235.208:ERROR:chrome_browser_main_extra_parts_metrics.cc(229)] crbug.com/1216328: Checking Bluetooth availability ended.
1월 04, 2022 17:12:35.209 [15188:11104:0104/171235.208:ERROR:chrome_browser_main_extra_parts_metrics.cc(232)] crbug.com/1216328: Checking default browser status started. Please report if there is no report that this ends.
1월 04, 2022 17:12:35.210 [15188:11104:0104/171235.209:ERROR:chrome_browser_main_extra_parts_metrics.cc(236)] crbug.com/1216328: Checking default browser status ended.
1월 04, 2022 17:12:35.213 [15188:15208:0104/171235.213:ERROR:device_event_log_impl.cc(214)] [17:12:35.213] USB: usb_device_handle_win.cc:1048 Failed to read descriptor from node connection: 시스템에 부착된 장치가 작동하지 않습니다. (0x1F)
1월 04, 2022 17:37:55.788 [15188:15208:0104/173755.788:ERROR:interface_endpoint_client.cc(658)] Message 0 rejected by interface blink.mojom.WidgetHost

1월 04, 2022 18:06:37.339 NEW SESSION
1월 04, 2022 18:06:37.339 [2020:12144:0104/180637.339:ERROR:chrome_browser_main_extra_parts_metrics.cc(226)] crbug.com/1216328: Checking Bluetooth availability started. Please report if there is no report that this ends.
1월 04, 2022 18:06:37.339 [2020:12144:0104/180637.339:ERROR:chrome_browser_main_extra_parts_metrics.cc(229)] crbug.com/1216328: Checking Bluetooth availability ended.
1월 04, 2022 18:06:37.339 [2020:12144:0104/180637.339:ERROR:chrome_browser_main_extra_parts_metrics.cc(232)] crbug.com/1216328: Checking default browser status started. Please report if there is no report that this ends.
1월 04, 2022 18:06:37.339 [2020:12144:0104/180637.339:ERROR:chrome_browser_main_extra_parts_metrics.cc(236)] crbug.com/1216328: Checking default browser status ended.
1월 04, 2022 18:06:37.339 [2020:16488:0104/180637.339:ERROR:device_event_log_impl.cc(214)] [18:06:37.337] USB: usb_device_handle_win.cc:1048 Failed to read descriptor from node connection: 시스템에 부착된 장치가 작동하지 않습니다. (0x1F)
1월 04, 2022 19:27:37.332 [2020:16488:0104/192737.331:ERROR:CONSOLE(1)] "console.assert", source: devtools://devtools/bundled/devtools-frontend/front_end/core/sdk/sdk.js (1)
1월 04, 2022 19:27:37.333 [2020:16488:0104/192737.331:ERROR:CONSOLE(0)] "TypeError: Cannot read properties of null (reading 'sourceURL')", source:  (0)
1월 04, 2022 19:33:15.209 [10516:6552:0104/193315.209:ERROR:chrome_browser_main_extra_parts_metrics.cc(226)] crbug.com/1216328: Checking Bluetooth availability started. Please report if there is no report that this ends.
1월 04, 2022 19:33:15.210 [10516:6552:0104/193315.209:ERROR:chrome_browser_main_extra_parts_metrics.cc(229)] crbug.com/1216328: Checking Bluetooth availability ended.
1월 04, 2022 19:33:15.210 [10516:6552:0104/193315.209:ERROR:chrome_browser_main_extra_parts_metrics.cc(232)] crbug.com/1216328: Checking default browser status started. Please report if there is no report that this ends.
1월 04, 2022 19:33:15.210 [10516:6552:0104/193315.210:ERROR:chrome_browser_main_extra_parts_metrics.cc(236)] crbug.com/1216328: Checking default browser status ended.
1월 04, 2022 19:33:15.214 [10516:12528:0104/193315.214:ERROR:device_event_log_impl.cc(214)] [19:33:15.214] USB: usb_device_handle_win.cc:1048 Failed to read descriptor from node connection: 시스템에 부착된 장치가 작동하지 않습니다. (0x1F)
1월 04, 2022 20:00:07.26 [15220:8520:0104/200007.026:ERROR:chrome_browser_main_extra_parts_metrics.cc(226)] crbug.com/1216328: Checking Bluetooth availability started. Please report if there is no report that this ends.
1월 04, 2022 20:00:07.27 [15220:8520:0104/200007.026:ERROR:chrome_browser_main_extra_parts_metrics.cc(229)] crbug.com/1216328: Checking Bluetooth availability ended.
1월 04, 2022 20:00:07.28 [15220:8520:0104/200007.026:ERROR:chrome_browser_main_extra_parts_metrics.cc(232)] crbug.com/1216328: Checking default browser status started. Please report if there is no report that this ends.
1월 04, 2022 20:00:07.29 [15220:8520:0104/200007.029:ERROR:chrome_browser_main_extra_parts_metrics.cc(236)] crbug.com/1216328: Checking default browser status ended.
1월 04, 2022 20:00:07.34 [15220:16392:0104/200007.034:ERROR:device_event_log_impl.cc(214)] [20:00:07.034] USB: usb_device_handle_win.cc:1048 Failed to read descriptor from node connection: 시스템에 부착된 장치가 작동하지 않습니다. (0x1F)
1월 04, 2022 20:32:02.282 [15220:16392:0104/203202.282:ERROR:device_event_log_impl.cc(214)] [20:32:02.282] USB: usb_service_win.cc:261 Failed to get device driver name: 요소가 없습니다. (0x490)
1월 04, 2022 21:08:09.862 [15220:11812:0104/210809.861:ERROR:database.cc(1773)] History SQLite error: code 1555 errno 0: UNIQUE constraint failed: context_annotations.visit_id sql: INSERT INTO context_annotations( visit_id,context_annotation_flags,duration_since_last_visit,page_end_reason,total_foreground_duration )VALUES(?,?,?,?,?)
1월 04, 2022 21:08:09.864 [15220:17820:0104/210809.864:ERROR:database.cc(1773)] History SQLite error: code 1555 errno 0: UNIQUE constraint failed: context_annotations.visit_id sql: INSERT INTO context_annotations( visit_id,context_annotation_flags,duration_since_last_visit,page_end_reason,total_foreground_duration )VALUES(?,?,?,?,?)
1월 05, 2022 09:19:57.192 [15220:16392:0105/091957.191:ERROR:interface_endpoint_client.cc(658)] Message 1 rejected by interface blink.mojom.WidgetHost
1월 05, 2022 09:19:57.192 [15220:16392:0105/091957.191:ERROR:interface_endpoint_client.cc(658)] Message 1 rejected by interface blink.mojom.WidgetHost
1월 05, 2022 09:19:57.192 [15220:16392:0105/091957.191:ERROR:interface_endpoint_client.cc(658)] Message 1 rejected by interface blink.mojom.WidgetHost
1월 05, 2022 09:27:45.580 [15220:8676:0105/092745.580:ERROR:database.cc(1773)] History SQLite error: code 1555 errno 0: UNIQUE constraint failed: context_annotations.visit_id sql: INSERT INTO context_annotations( visit_id,context_annotation_flags,duration_since_last_visit,page_end_reason,total_foreground_duration )VALUES(?,?,?,?,?)

1월 11, 2022 09:43:38.590 NEW SESSION
1월 11, 2022 09:43:38.590 [17240:5080:0111/094338.588:ERROR:chrome_browser_main_extra_parts_metrics.cc(227)] START: ReportBluetoothAvailability(). If you don't see the END: message, this is crbug.com/1216328.
1월 11, 2022 09:43:38.591 [17240:5080:0111/094338.588:ERROR:chrome_browser_main_extra_parts_metrics.cc(230)] END: ReportBluetoothAvailability()
1월 11, 2022 09:43:38.591 [17240:5080:0111/094338.588:ERROR:chrome_browser_main_extra_parts_metrics.cc(235)] START: GetDefaultBrowser(). If you don't see the END: message, this is crbug.com/1216328.
1월 11, 2022 09:43:38.592 [17240:5080:0111/094338.589:ERROR:chrome_browser_main_extra_parts_metrics.cc(239)] END: GetDefaultBrowser()
1월 11, 2022 09:43:38.594 [17240:14888:0111/094338.594:ERROR:device_event_log_impl.cc(214)] [09:43:38.594] USB: usb_device_handle_win.cc:1050 Failed to read descriptor from node connection: 시스템에 부착된 장치가 작동하지 않습니다. (0x1F)
1월 11, 2022 09:43:38.597 [17240:14888:0111/094338.597:ERROR:device_event_log_impl.cc(214)] [09:43:38.597] USB: usb_device_handle_win.cc:1050 Failed to read descriptor from node connection: 시스템에 부착된 장치가 작동하지 않습니다. (0x1F)

1월 11, 2022 14:58:32.242 NEW SESSION
1월 11, 2022 14:58:32.242 [4476:3108:0111/145832.240:ERROR:chrome_browser_main_extra_parts_metrics.cc(227)] START: ReportBluetoothAvailability(). If you don't see the END: message, this is crbug.com/1216328.
1월 11, 2022 14:58:32.242 [4476:3108:0111/145832.240:ERROR:chrome_browser_main_extra_parts_metrics.cc(230)] END: ReportBluetoothAvailability()
1월 11, 2022 14:58:32.243 [4476:3108:0111/145832.240:ERROR:chrome_browser_main_extra_parts_metrics.cc(235)] START: GetDefaultBrowser(). If you don't see the END: message, this is crbug.com/1216328.
1월 11, 2022 14:58:32.243 [4476:3108:0111/145832.242:ERROR:chrome_browser_main_extra_parts_metrics.cc(239)] END: GetDefaultBrowser()
1월 11, 2022 14:58:32.247 [4476:8992:0111/145832.247:ERROR:device_event_log_impl.cc(214)] [14:58:32.247] USB: usb_device_handle_win.cc:1050 Failed to read descriptor from node connection: 시스템에 부착된 장치가 작동하지 않습니다. (0x1F)
1월 11, 2022 14:58:32.251 [4476:8992:0111/145832.250:ERROR:device_event_log_impl.cc(214)] [14:58:32.250] USB: usb_device_handle_win.cc:1050 Failed to read descriptor from node connection: 시스템에 부착된 장치가 작동하지 않습니다. (0x1F)
